2025-05-06 15:28:00 | DEBUG | repo=course-sys-int-systems | action=pull
2025-03-22 15:46:00 | WARN | repo=course-sys-int-systems | action=commit
2025-04-08 13:04:00 | DEBUG | repo=course-sys-int-systems | action=commit
2025-07-27 13:16:00 | WARN | repo=course-sys-int-systems | action=commit
2025-03-13 07:09:00 | WARN | repo=course-sys-int-systems | action=commit
2025-08-19 10:40:00 | DEBUG | repo=course-sys-int-systems | action=commit
2025-12-25 13:24:00 | WARN | repo=course-sys-int-systems | action=commit
2025-09-26 19:43:00 | DEBUG | repo=course-sys-int-systems | action=commit
2025-02-12 16:52:00 | DEBUG | repo=course-sys-int-systems | action=commit
2025-11-08 15:59:00 | WARN | repo=course-sys-int-systems | action=test | passed=true
2025-11-01 10:15:00 | INFO | repo=course-sys-int-systems | action=edit | files=1
2025-06-02 12:36:00 | INFO | repo=course-sys-int-systems | action=commit
2025-03-04 21:46:00 | WARN | repo=course-sys-int-systems | action=commit
2025-07-07 19:41:00 | INFO | repo=course-sys-int-systems | action=commit
2025-04-11 08:48:00 | WARN | repo=course-sys-int-systems | action=commit
2025-03-14 07:19:00 | INFO | repo=course-sys-int-systems | action=commit
2025-08-01 15:04:00 | DEBUG | repo=course-sys-int-systems | action=commit
2025-11-02 20:54:00 | WARN | repo=course-sys-int-systems | action=commit
2025-02-22 13:25:00 | INFO | repo=course-sys-int-systems | action=commit
2025-11-05 20:00:00 | WARN | repo=course-sys-int-systems | action=edit | files=1
2025-01-08 21:14:00 | DEBUG | repo=course-sys-int-systems | action=commit
2025-09-16 17:46:00 | INFO | repo=course-sys-int-systems | action=pull
2025-01-15 17:58:00 | INFO | repo=course-sys-int-systems | action=test | passed=true
2025-04-01 11:49:00 | DEBUG | repo=course-sys-int-systems | action=test | passed=true
2025-10-13 10:10:00 | INFO | repo=course-sys-int-systems | action=commit
2025-08-10 17:11:00 | INFO | repo=course-sys-int-systems | action=commit
2025-04-16 18:56:00 | DEBUG | repo=course-sys-int-systems | action=commit
2025-04-24 17:31:00 | DEBUG | repo=course-sys-int-systems | action=commit
2025-02-11 11:12:00 | DEBUG | repo=course-sys-int-systems | action=commit
2025-11-10 09:06:00 | WARN | repo=course-sys-int-systems | action=pull
2025-02-10 08:17:00 | INFO | repo=course-sys-int-systems | action=commit
2025-03-25 13:33:00 | DEBUG | repo=course-sys-int-systems | action=test | passed=true
2025-11-04 11:16:00 | DEBUG | repo=course-sys-int-systems | action=commit
2025-08-19 17:45:00 | WARN | repo=course-sys-int-systems | action=commit
2025-07-13 18:09:00 | INFO | repo=course-sys-int-systems | action=commit
2025-01-14 17:39:00 | DEBUG | repo=course-sys-int-systems | action=pull
2025-05-06 12:15:00 | DEBUG | repo=course-sys-int-systems | action=edit | files=2
2025-07-15 07:49:00 | INFO | repo=course-sys-int-systems | action=commit
2025-07-03 21:10:00 | WARN | repo=course-sys-int-systems | action=commit
2025-12-25 09:26:00 | INFO | repo=course-sys-int-systems | action=commit
2025-02-07 08:30:00 | INFO | repo=course-sys-int-systems | action=commit
2025-06-25 18:11:00 | WARN | repo=course-sys-int-systems | action=test | passed=true
2025-12-12 21:18:00 | WARN | repo=course-sys-int-systems | action=edit | files=3
2025-07-19 13:08:00 | DEBUG | repo=course-sys-int-systems | action=commit
2025-04-21 17:57:00 | WARN | repo=course-sys-int-systems | action=commit
2025-03-07 21:13:00 | WARN | repo=course-sys-int-systems | action=commit
2025-12-03 12:07:00 | WARN | repo=course-sys-int-systems | action=commit
2025-04-08 12:55:00 | DEBUG | repo=course-sys-int-systems | action=commit
2025-11-17 20:07:00 | WARN | repo=course-sys-int-systems | action=commit
2025-12-10 19:01:00 | WARN | repo=course-sys-int-systems | action=edit | files=1
2025-11-09 19:00:00 | DEBUG | repo=course-sys-int-systems | action=commit
2025-08-09 20:10:00 | WARN | repo=course-sys-int-systems | action=commit
2025-11-03 13:03:00 | WARN | repo=course-sys-int-systems | action=commit
2025-11-11 11:55:00 | DEBUG | repo=course-sys-int-systems | action=commit
2025-01-04 10:09:00 | DEBUG | repo=course-sys-int-systems | action=commit
2025-10-12 09:36:00 | INFO | repo=course-sys-int-systems | action=commit
2025-06-23 21:24:00 | DEBUG | repo=course-sys-int-systems | action=commit
2025-09-28 17:18:00 | INFO | repo=course-sys-int-systems | action=commit
2025-01-14 08:48:00 | INFO | repo=course-sys-int-systems | action=pull
2025-08-24 07:39:00 | DEBUG | repo=course-sys-int-systems | action=test | passed=true
2025-09-02 08:22:00 | DEBUG | repo=course-sys-int-systems | action=edit | files=5
2025-10-13 19:34:00 | INFO | repo=course-sys-int-systems | action=commit
2025-09-06 19:22:00 | DEBUG | repo=course-sys-int-systems | action=commit
2025-12-28 07:09:00 | DEBUG | repo=course-sys-int-systems | action=test | passed=true
2025-10-01 17:24:00 | DEBUG | repo=course-sys-int-systems | action=commit
2025-05-26 16:35:00 | WARN | repo=course-sys-int-systems | action=commit
2025-08-27 17:53:00 | WARN | repo=course-sys-int-systems | action=commit
2025-10-12 20:21:00 | INFO | repo=course-sys-int-systems | action=pull
2025-01-12 21:43:00 | DEBUG | repo=course-sys-int-systems | action=commit
2025-05-19 14:20:00 | INFO | repo=course-sys-int-systems | action=commit
2025-09-16 18:25:00 | INFO | repo=course-sys-int-systems | action=commit
2025-01-22 16:00:00 | INFO | repo=course-sys-int-systems | action=commit
2025-04-02 17:44:00 | DEBUG | repo=course-sys-int-systems | action=commit
2025-04-05 17:29:00 | WARN | repo=course-sys-int-systems | action=commit
2025-12-22 18:49:00 | INFO | repo=course-sys-int-systems | action=commit
2025-01-20 11:45:00 | INFO | repo=course-sys-int-systems | action=commit
2025-01-23 16:10:00 | INFO | repo=course-sys-int-systems | action=commit
2025-10-23 19:34:00 | DEBUG | repo=course-sys-int-systems | action=commit
2025-04-24 17:41:00 | INFO | repo=course-sys-int-systems | action=commit
2025-07-08 19:59:00 | DEBUG | repo=course-sys-int-systems | action=commit
2025-08-14 10:05:00 | WARN | repo=course-sys-int-systems | action=commit
2025-05-28 08:47:00 | INFO | repo=course-sys-int-systems | action=edit | files=5
2025-11-06 11:34:00 | WARN | repo=course-sys-int-systems | action=commit
2025-02-16 12:50:00 | WARN | repo=course-sys-int-systems | action=commit
2025-02-17 07:08:00 | DEBUG | repo=course-sys-int-systems | action=commit
2025-08-10 20:09:00 | INFO | repo=course-sys-int-systems | action=commit
2025-05-08 11:05:00 | DEBUG | repo=course-sys-int-systems | action=commit
2025-07-18 07:44:00 | WARN | repo=course-sys-int-systems | action=commit
2025-08-06 19:12:00 | WARN | repo=course-sys-int-systems | action=commit
2025-08-15 07:49:00 | DEBUG | repo=course-sys-int-systems | action=pull
2025-03-06 10:35:00 | INFO | repo=course-sys-int-systems | action=commit
2025-10-07 11:05:00 | DEBUG | repo=course-sys-int-systems | action=test | passed=true
2025-08-16 08:42:00 | DEBUG | repo=course-sys-int-systems | action=commit
2025-11-15 18:08:00 | WARN | repo=course-sys-int-systems | action=commit
2025-01-19 19:41:00 | WARN | repo=course-sys-int-systems | action=commit
2025-02-11 21:30:00 | WARN | repo=course-sys-int-systems | action=commit
2025-04-10 12:10:00 | DEBUG | repo=course-sys-int-systems | action=commit
